TN:
SF:src\components\Button.tsx
FN:11,Button
FNF:1
FNH:1
FNDA:4,Button
DA:1,1
DA:2,1
DA:3,1
DA:4,1
DA:5,1
DA:6,1
DA:7,1
DA:8,1
DA:9,1
DA:10,1
DA:11,1
DA:12,4
DA:13,4
DA:14,4
DA:15,4
DA:16,4
DA:17,4
DA:18,4
DA:19,4
DA:20,1
DA:21,1
LF:21
LH:21
BRDA:11,0,0,4
BRDA:11,1,0,0
BRDA:11,2,0,0
BRDA:11,3,0,2
BRDA:11,4,0,2
BRDA:11,5,0,0
BRDA:12,6,0,0
BRDA:12,7,0,0
BRF:8
BRH:3
end_of_record
TN:
SF:src\components\TodoItem.tsx
FN:15,TodoItem
FN:31,onChange
FN:45,onChange
FN:63,onClick
FN:69,onClick
FNF:5
FNH:3
FNDA:4,TodoItem
FNDA:0,onChange
FNDA:0,onChange
FNDA:1,onClick
FNDA:1,onClick
DA:1,1
DA:2,1
DA:3,1
DA:4,1
DA:5,1
DA:6,1
DA:7,1
DA:8,1
DA:9,1
DA:10,1
DA:11,1
DA:12,1
DA:13,1
DA:14,1
DA:15,1
DA:16,4
DA:17,4
DA:18,4
DA:19,4
DA:20,4
DA:21,4
DA:22,4
DA:23,4
DA:24,4
DA:25,4
DA:26,4
DA:27,4
DA:28,4
DA:29,4
DA:30,4
DA:31,4
DA:32,4
DA:33,4
DA:34,4
DA:35,4
DA:36,4
DA:37,4
DA:38,4
DA:39,4
DA:40,4
DA:41,4
DA:42,4
DA:43,4
DA:44,4
DA:45,4
DA:46,4
DA:47,4
DA:48,4
DA:49,4
DA:50,4
DA:51,4
DA:52,4
DA:53,4
DA:54,4
DA:55,4
DA:56,4
DA:57,0
DA:58,2
DA:59,2
DA:60,4
DA:61,4
DA:62,4
DA:63,4
DA:64,4
DA:65,4
DA:66,4
DA:67,4
DA:68,4
DA:69,4
DA:70,4
DA:71,4
DA:72,4
DA:73,4
DA:74,4
DA:75,4
DA:76,4
DA:77,1
DA:78,1
LF:78
LH:77
BRDA:15,0,0,4
BRDA:56,1,0,0
BRDA:58,2,0,2
BRDA:63,3,0,1
BRDA:69,4,0,1
BRF:5
BRH:4
end_of_record
TN:
SF:src\components\TodoList.tsx
FN:11,TodoList
FNF:1
FNH:1
FNDA:1,TodoList
DA:1,1
DA:2,1
DA:3,1
DA:4,1
DA:5,1
DA:6,1
DA:7,1
DA:8,1
DA:9,1
DA:10,1
DA:11,1
DA:12,1
DA:13,1
DA:14,1
DA:15,2
DA:16,2
DA:17,2
DA:18,2
DA:19,2
DA:20,2
DA:21,1
DA:22,1
DA:23,1
DA:24,1
DA:25,1
DA:26,1
LF:26
LH:26
BRDA:4,0,0,1
BRDA:4,1,0,1
BRDA:11,2,0,1
BRDA:14,3,0,2
BRF:4
BRH:4
end_of_record
